[3569648.871] Initializing Modding Framework.
[3569648.887] Connected to modding database!
[3569648.887] Ensuring Foreign Key support is enabled and set to initially deferred.
[3569648.887] Checking database version...
[3569648.887] Modding database is up-to-date!
[3569648.887] Initializing Services...
[3569648.887] Component Discovery Service initialized.
[3569648.888] File Service initialized.
[3569648.888] Localization Service initialized.
[3569648.888] Mod Association Service initialized
[3569648.888] Mod Discovery Service initialized.
[3569648.888] Mod Loader Service initialized.
[3569648.888] Mod Selection Service missing. Skipping.
[3569648.888] Ownership Service initialized.
[3569648.889] Properties Service initialized.
[3569648.889] Setting Discovery Service initialized.
[3569648.889] Subscription Service missing. Skipping.
[3569648.889] User Data Service missing. Skipping.
[3569648.889] Services initialized!
[3569648.889] Modding Framework is initialized.
[3569648.889] Initializing Modding Framework took - 18ms.
[3569648.901] Verifying enabled mods can coexist.
[3569648.908] Discovering new mods...
[3569649.902] Finished Discovery.
[3569649.902] Discovery Summary:
[3569649.902] Deleted 0 mods.
[3569649.903] Discovered 0 mods.
[3569649.903] Discovering Mods took - 994ms.
[3569649.933] Bootstrapping game content
[3569649.933] Loading Vanilla DLL.
[3569650.007] Building gameplay database.
[3569652.462] Updating gameplay database with embedded GameCore data.
[3569652.492] Updated gameplay database with GameCore data.
[3569652.508] Initializing Vanilla DLL.
[3569652.509] Instantiate GameCore UI Manager.
[3569652.510] Saving a debug version of the gameplay database.
[3569653.032] Successfully bootstrapped game content.
[3569653.041] Configuring game content
[3569653.041] Enabled Mods (in no particular order):
[3569653.041] No active mods.
[3569653.041] Target Mods (in no particular order):
[3569653.042] 02A8BDDE-67EA-4D38-9540-26E685E3156E (LOC_AZTEC_MONTEZUMA_MOD_TITLE)
[3569653.042] 19ED1A36-D744-4A58-8F8B-0376C2BA86E5 (Barbarian Clans Game Mode)
[3569653.042] 19d1c7ec-54de-11ea-a2e3-2e728ce88125 (Tech and Civic Shuffle Game Mode)
[3569653.043] 648CD2A8-057A-4EB5-9E41-E1F7D86B5443 (LOC_COLDWAR_MOD_TITLE)
[3569653.043] A55FAFB4-9070-4597-9453-B28A99910CDA (Multiplayer Scenario: Pirates)
[3569653.044] F264EE10-F21B-4A9A-BBCD-D534E9843E90 (LOC_CIV_ROYALE_MOD_TITLE)
[3569653.044] F653805E-F7C8-44E1-8CBD-FB48D7AABCBA (LOC_ANCIENT_RIVALS_MOD_TITLE)
[3569653.045] {455B6E2D-821D-4D49-9FCD-FC950AC6A521} (LOC_RELIGIOUS_COMBAT_MOD_TITLE)
[3569653.045] {5E991A08-08FD-4774-968B-A85377ECF60D} (LOC_NAPOLEON_MOD_TITLE)
[3569653.069] Game configuration needs to change to match target config.
[3569653.069] Performing pre-configure processing.
[3569653.069] Rebuilding configuration database.
[3569653.069] Localization database unchanged, no rollback needed.
[3569653.069] Configuration database unchanged, no rollback needed.
[3569653.069] ConfigureContent - Importing implicit files, pre settings
[3569653.090] Applying settings.
[3569653.090] Modding Framework - Apply Settings
[3569653.090] UpdateColors - Loading Data/Aztec_Montezuma_Colors.xml
[3569653.091] ModdingUpdateConfigurationDatabase - Loading Data/Aztec_Montezuma_ConfigData.xml
[3569653.100] UISettingHandler - Loading BarbarianClansMode.dep
[3569653.114] ModdingUpdateConfigurationDatabase - Loading Data/BarbarianClansMode_ConfigData.xml
[3569653.124] UpdateIcons - Loading Data/BarbarianClansMode_Icons.xml
[3569653.125] UpdateIcons - Loading Data/BarbarianClansMode_Icons_GameModes.xml
[3569653.125] Creating database save point.
[3569653.125] LocalizedText - Loading Text/en_US/BarbarianClansMode_ConfigText.xml
[3569653.134] LocalizedText - Loading Text/en_US/BarbarianClansMode_PackageText.xml
[3569653.141] LocalizedText - Loading Text/BarbarianClansMode_Translations_ConfigText.xml
[3569653.153] LocalizedText - Loading Text/BarbarianClansMode_Translations_PackageText.xml
[3569653.165] Successfully released save point.
[3569653.166] UISettingHandler - Loading TreeRandomizer.dep
[3569653.179] ModdingUpdateConfigurationDatabase - Loading Data/TreeRandomizer_ConfigData.xml
[3569653.188] UpdateIcons - Loading Data/TreeRandomizer_Icons_GameModes.xml
[3569653.189] Creating database save point.
[3569653.189] LocalizedText - Loading Text/en_US/TreeRandomizer_ConfigText.xml
[3569653.197] LocalizedText - Loading Text/en_US/TreeRandomizer_PackageText.xml
[3569653.205] LocalizedText - Loading Text/TreeRandomizer_Translations_ConfigText.xml
[3569653.216] LocalizedText - Loading Text/TreeRandomizer_Translations_PackageText.xml
[3569653.230] Successfully released save point.
[3569653.231] ModdingUpdateConfigurationDatabase - Loading ColdWarScenario_Config.xml
[3569653.240] UISettingHandler - Loading PiratesScenario.dep
[3569653.259] ModdingUpdateConfigurationDatabase - Loading Data/PiratesScenario_Config.xml
[3569653.270] UpdateColors - Loading Data/PiratesScenario_PlayerColors.xml
[3569653.271] UpdateIcons - Loading Data/PiratesScenario_Icons_Civilizations.xml
[3569653.271] UpdateIcons - Loading Data/PiratesScenario_Icons_Leaders.xml
[3569653.271] Creating database save point.
[3569653.271] LocalizedText - Loading Text/en_US/PiratesScenario_ConfigText.xml
[3569653.282] LocalizedText - Loading Text/en_US/PiratesScenario_PackageText.xml
[3569653.290] LocalizedText - Loading Text/PiratesScenario_Translations_ConfigText.xml
[3569653.328] LocalizedText - Loading Text/PiratesScenario_Translations_PackageText.xml
[3569653.345] Successfully released save point.
[3569653.345] UISettingHandler - Loading CivRoyaleScenario.dep
[3569653.362] ModdingUpdateConfigurationDatabase - Loading Data/CivRoyaleScenario_Config.xml
[3569653.372] UpdateColors - Loading Data/CivRoyaleScenario_PlayerColors.xml
[3569653.372] UpdateIcons - Loading Data/CivRoyaleScenario_Icons_Civilizations.xml
[3569653.373] UpdateIcons - Loading Data/CivRoyaleScenario_Icons_Leaders.xml
[3569653.373] UpdateIcons - Loading Data/CivRoyaleScenario_Icons_UnitActions.xml
[3569653.373] UpdateIcons - Loading Data/CivRoyaleScenario_Icons_UnitPortraits.xml
[3569653.373] UpdateIcons - Loading Data/CivRoyaleScenario_Icons_Units.xml
[3569653.373] Creating database save point.
[3569653.373] LocalizedText - Loading Text/en_US/CivRoyaleScenario_ConfigText.xml
[3569653.383] LocalizedText - Loading Text/CivRoyaleScenario_Translations_ConfigText.xml
[3569653.422] LocalizedText - Loading Text/CivRoyaleScenario_Translations_ConfigText_China.xml
[3569653.439] Successfully released save point.
[3569653.440] ModdingUpdateConfigurationDatabase - Loading AncientRivalsScenario_Config.xml
[3569653.449] ModdingUpdateConfigurationDatabase - Loading ReligiousCombatScenario_Config.xml
[3569653.456] ModdingUpdateConfigurationDatabase - Loading NapoleonScenario_Config.xml
[3569653.853] Modding Framework - Finished Apply Settings
[3569653.853] ConfigureContent - Importing implicit files, post settings
[3569654.799] Successfully reconfigured game.
[3569654.804] Mod Art Files - Loading TeddyRoosevelt.dep
[3569654.805] Mod Art Files - Loading BarbarianClansMode.dep
[3569654.810] Mod Art Files - Loading TreeRandomizer.dep
[3569654.815] Mod Art Files - Loading Ethiopia.dep
[3569654.823] Mod Art Files - Loading DLC6.dep
[3569654.830] Mod Art Files - Loading DLC2.dep
[3569654.834] Mod Art Files - Loading DLC5.dep
[3569654.841] Mod Art Files - Loading Babylon.dep
[3569654.858] Mod Art Files - Loading GranColombia_Maya.dep
[3569654.870] Mod Art Files - Loading Byzantium_Gaul.dep
[3569654.883] Mod Art Files - Loading KublaiKhan_Vietnam.dep
[3569654.894] Mod Art Files - Loading PiratesScenario.dep
[3569654.901] Mod Art Files - Loading CatherineDeMedici.dep
[3569654.903] Mod Art Files - Loading DLC4.dep
[3569654.908] Mod Art Files - Loading DLC3.dep
[3569654.913] Mod Art Files - Loading CivRoyaleScenario.dep
[3569654.931] Mod Art Files - Loading Portugal.dep
[3569655.966] Verifying enabled mods can coexist.
[3569675.023] Discovering new mods...
[3569678.876] Finished Discovery.
[3569678.876] Discovery Summary:
[3569678.876] Deleted 0 mods.
[3569678.876] Discovered 0 mods.
[3569678.876] Discovering Mods took - 3853ms.
[3569741.032] Configuring game content
[3569741.032] Enabled Mods (in no particular order):
[3569741.033] 02A8BDDE-67EA-4D38-9540-26E685E3156E (LOC_AZTEC_MONTEZUMA_MOD_TITLE)
[3569741.033] 19ED1A36-D744-4A58-8F8B-0376C2BA86E5 (Barbarian Clans Game Mode)
[3569741.033] 19d1c7ec-54de-11ea-a2e3-2e728ce88125 (Tech and Civic Shuffle Game Mode)
[3569741.034] 648CD2A8-057A-4EB5-9E41-E1F7D86B5443 (LOC_COLDWAR_MOD_TITLE)
[3569741.034] A55FAFB4-9070-4597-9453-B28A99910CDA (Multiplayer Scenario: Pirates)
[3569741.035] F264EE10-F21B-4A9A-BBCD-D534E9843E90 (LOC_CIV_ROYALE_MOD_TITLE)
[3569741.036] F653805E-F7C8-44E1-8CBD-FB48D7AABCBA (LOC_ANCIENT_RIVALS_MOD_TITLE)
[3569741.036] {455B6E2D-821D-4D49-9FCD-FC950AC6A521} (LOC_RELIGIOUS_COMBAT_MOD_TITLE)
[3569741.037] {5E991A08-08FD-4774-968B-A85377ECF60D} (LOC_NAPOLEON_MOD_TITLE)
[3569741.037] Target Mods (in no particular order):
[3569741.038] 02A8BDDE-67EA-4D38-9540-26E685E3156E (LOC_AZTEC_MONTEZUMA_MOD_TITLE)
[3569741.041] Game configuration needs to change to match target config.
[3569741.041] Performing pre-configure processing.
[3569741.041] Rebuilding configuration database.
[3569741.042] Reverted Localization database to its original state.
[3569741.074] Reverted Configuration database to its original state.
[3569741.074] ConfigureContent - Importing implicit files, pre settings
[3569741.074] Applying settings.
[3569741.074] Modding Framework - Apply Settings
[3569741.075] UpdateColors - Loading Data/Aztec_Montezuma_Colors.xml
[3569741.075] ModdingUpdateConfigurationDatabase - Loading Data/Aztec_Montezuma_ConfigData.xml
[3569741.076] Modding Framework - Finished Apply Settings
[3569741.076] ConfigureContent - Importing implicit files, post settings
[3569741.902] Successfully reconfigured game.
[3569741.902] ************************************************************
[3569741.902] Updating game content
[3569741.902] ************************************************************
[3569741.902] Applied in-game actions (in order of application):
[3569741.902] No active mods.
[3569741.906] Target in-game actions (in order of application):
[3569741.907] 02A8BDDE-67EA-4D38-9540-26E685E3156E (LOC_AZTEC_MONTEZUMA_MOD_TITLE)
[3569741.907]  * AztecMontezumaColors (UpdateColors)
[3569741.908]  * AztecMontezumaGameplay (UpdateDatabase)
[3569741.908] Game content needs to change to match target config.
[3569741.908] Performing pre configure processing.
[3569741.916] Unloading Gameplay DLL.
[3569741.923] Reloading Gameplay DLL.
[3569741.942] Localization database unchanged, no rollback needed.
[3569741.942] Rebuilding gameplay database.
[3569742.312] Reverted Gameplay database to its original state.
[3569742.312] Updating gameplay database with embedded GameCore data.
[3569742.332] Updated gameplay database with GameCore data.
[3569742.332] Applying mod components.
[3569742.332] UpdateContent - Importing implicit files, pre components
[3569742.333] Modding Framework - Applying Components
[3569742.477] Applying Component - AztecMontezumaColors (UpdateColors)
[3569742.477] UpdateColors - Loading Data/Aztec_Montezuma_Colors.xml
[3569742.478] Applying Component - AztecMontezumaGameplay (UpdateDatabase)
[3569742.478] UpdateDatabase - Loading Data/Aztec_Montezuma_GameplayData.xml
[3569742.491] UpdateDatabase - Loading Data/Building_Huey_Teocalli.xml
[3569742.531] Modding Framework - Finished Apply Components
[3569742.531] Applied all components of enabled mods.
[3569742.531] UpdateContent - Importing implicit files, post components
[3569742.548] Initializing Gameplay DLL.
[3569742.548] Saving a debug version of the gameplay database.
[3569742.869] Performing post configure processing.
[3569743.125] Reloading icons.
[3569743.209] Reloading colors.
[3569743.415] Successfully reconfigured game.
[3569746.705] Reloading Tuner states.
[3579922.901] Configuring game content
[3579922.902] Enabled Mods (in no particular order):
[3579922.903] 02A8BDDE-67EA-4D38-9540-26E685E3156E (LOC_AZTEC_MONTEZUMA_MOD_TITLE)
[3579922.903] Target Mods (in no particular order):
[3579922.904] 02A8BDDE-67EA-4D38-9540-26E685E3156E (LOC_AZTEC_MONTEZUMA_MOD_TITLE)
[3579922.904] 19ED1A36-D744-4A58-8F8B-0376C2BA86E5 (Barbarian Clans Game Mode)
[3579922.904] 19d1c7ec-54de-11ea-a2e3-2e728ce88125 (Tech and Civic Shuffle Game Mode)
[3579922.904] 648CD2A8-057A-4EB5-9E41-E1F7D86B5443 (LOC_COLDWAR_MOD_TITLE)
[3579922.905] A55FAFB4-9070-4597-9453-B28A99910CDA (Multiplayer Scenario: Pirates)
[3579922.905] F264EE10-F21B-4A9A-BBCD-D534E9843E90 (LOC_CIV_ROYALE_MOD_TITLE)
[3579922.906] F653805E-F7C8-44E1-8CBD-FB48D7AABCBA (LOC_ANCIENT_RIVALS_MOD_TITLE)
[3579922.906] {455B6E2D-821D-4D49-9FCD-FC950AC6A521} (LOC_RELIGIOUS_COMBAT_MOD_TITLE)
[3579922.907] {5E991A08-08FD-4774-968B-A85377ECF60D} (LOC_NAPOLEON_MOD_TITLE)
[3579922.936] Game configuration needs to change to match target config.
[3579922.937] Performing pre-configure processing.
[3579922.937] Rebuilding configuration database.
[3579922.937] Localization database unchanged, no rollback needed.
[3579922.970] Reverted Configuration database to its original state.
[3579922.970] ConfigureContent - Importing implicit files, pre settings
[3579922.987] Applying settings.
[3579922.987] Modding Framework - Apply Settings
[3579922.988] UpdateColors - Loading Data/Aztec_Montezuma_Colors.xml
[3579922.988] ModdingUpdateConfigurationDatabase - Loading Data/Aztec_Montezuma_ConfigData.xml
[3579922.991] UISettingHandler - Loading BarbarianClansMode.dep
[3579922.997] ModdingUpdateConfigurationDatabase - Loading Data/BarbarianClansMode_ConfigData.xml
[3579922.999] UpdateIcons - Loading Data/BarbarianClansMode_Icons.xml
[3579923.000] UpdateIcons - Loading Data/BarbarianClansMode_Icons_GameModes.xml
[3579923.000] Creating database save point.
[3579923.000] LocalizedText - Loading Text/en_US/BarbarianClansMode_ConfigText.xml
[3579923.007] LocalizedText - Loading Text/en_US/BarbarianClansMode_PackageText.xml
[3579923.010] LocalizedText - Loading Text/BarbarianClansMode_Translations_ConfigText.xml
[3579923.019] LocalizedText - Loading Text/BarbarianClansMode_Translations_PackageText.xml
[3579923.027] Successfully released save point.
[3579923.028] UISettingHandler - Loading TreeRandomizer.dep
[3579923.031] ModdingUpdateConfigurationDatabase - Loading Data/TreeRandomizer_ConfigData.xml
[3579923.033] UpdateIcons - Loading Data/TreeRandomizer_Icons_GameModes.xml
[3579923.033] Creating database save point.
[3579923.033] LocalizedText - Loading Text/en_US/TreeRandomizer_ConfigText.xml
[3579923.035] LocalizedText - Loading Text/en_US/TreeRandomizer_PackageText.xml
[3579923.038] LocalizedText - Loading Text/TreeRandomizer_Translations_ConfigText.xml
[3579923.040] LocalizedText - Loading Text/TreeRandomizer_Translations_PackageText.xml
[3579923.042] Successfully released save point.
[3579923.043] ModdingUpdateConfigurationDatabase - Loading ColdWarScenario_Config.xml
[3579923.044] UISettingHandler - Loading PiratesScenario.dep
[3579923.053] ModdingUpdateConfigurationDatabase - Loading Data/PiratesScenario_Config.xml
[3579923.055] UpdateColors - Loading Data/PiratesScenario_PlayerColors.xml
[3579923.056] UpdateIcons - Loading Data/PiratesScenario_Icons_Civilizations.xml
[3579923.056] UpdateIcons - Loading Data/PiratesScenario_Icons_Leaders.xml
[3579923.056] Creating database save point.
[3579923.056] LocalizedText - Loading Text/en_US/PiratesScenario_ConfigText.xml
[3579923.067] LocalizedText - Loading Text/en_US/PiratesScenario_PackageText.xml
[3579923.069] LocalizedText - Loading Text/PiratesScenario_Translations_ConfigText.xml
[3579923.171] LocalizedText - Loading Text/PiratesScenario_Translations_PackageText.xml
[3579923.175] Successfully released save point.
[3579923.176] UISettingHandler - Loading CivRoyaleScenario.dep
[3579923.182] ModdingUpdateConfigurationDatabase - Loading Data/CivRoyaleScenario_Config.xml
[3579923.185] UpdateColors - Loading Data/CivRoyaleScenario_PlayerColors.xml
[3579923.186] UpdateIcons - Loading Data/CivRoyaleScenario_Icons_Civilizations.xml
[3579923.186] UpdateIcons - Loading Data/CivRoyaleScenario_Icons_Leaders.xml
[3579923.186] UpdateIcons - Loading Data/CivRoyaleScenario_Icons_UnitActions.xml
[3579923.186] UpdateIcons - Loading Data/CivRoyaleScenario_Icons_UnitPortraits.xml
[3579923.186] UpdateIcons - Loading Data/CivRoyaleScenario_Icons_Units.xml
[3579923.187] Creating database save point.
[3579923.187] LocalizedText - Loading Text/en_US/CivRoyaleScenario_ConfigText.xml
[3579923.197] LocalizedText - Loading Text/CivRoyaleScenario_Translations_ConfigText.xml
[3579923.226] LocalizedText - Loading Text/CivRoyaleScenario_Translations_ConfigText_China.xml
[3579923.237] Successfully released save point.
[3579923.238] ModdingUpdateConfigurationDatabase - Loading AncientRivalsScenario_Config.xml
[3579923.240] ModdingUpdateConfigurationDatabase - Loading ReligiousCombatScenario_Config.xml
[3579923.242] ModdingUpdateConfigurationDatabase - Loading NapoleonScenario_Config.xml
[3579923.939] Modding Framework - Finished Apply Settings
[3579923.939] ConfigureContent - Importing implicit files, post settings
[3579925.105] Successfully reconfigured game.
[3579925.105] Discovering new mods...
[3579925.960] Finished Discovery.
[3579925.960] Discovery Summary:
[3579925.960] Deleted 0 mods.
[3579925.960] Discovered 0 mods.
[3579925.960] Discovering Mods took - 855ms.
[3579936.895] Modding Framework - Shutting down framework.
[3579936.895] Releasing Modding Framework Services...
[3579936.895] Services released!
