[2021-06-03 23:04:59]	Civ6App::InitialInit start.
[2021-06-03 23:04:59]	Game Version = 1.0.12.9 (564030)
[2021-06-03 23:04:59]	Running App::EOS::SetupService() ...
[2021-06-03 23:05:00]	EOSSystemEventHandler Startup
[2021-06-03 23:05:00]	Running SetupReflectionTypeInfo() ...
[2021-06-03 23:05:00]	Running SetupErrorHandling() ...
[2021-06-03 23:05:00]	Running DoGraphicsDeviceSelection() ...
[2021-06-03 23:05:00]	Selected graphics device is: AMD Radeon(TM) Vega 8 Graphics.  Device ID: 5597.  Index: 0
[2021-06-03 23:05:00]	Successfully determined Graphics Performance Level. Default graphics settings to low.
[2021-06-03 23:05:00]	Running RegisterEvents() ...
[2021-06-03 23:05:00]	Running SetupNetworkLobbyService() ...
[2021-06-03 23:05:00]	SetupNetworkLobbyService()
[2021-06-03 23:05:02]	Running SetupMemoryTracker() ...
[2021-06-03 23:05:02]	Running SetupFileSystem() ...
[2021-06-03 23:05:02]	Running SetupLogging() ...
[2021-06-03 23:05:02]	Running SetupDedicatedServer() ...
[2021-06-03 23:05:02]	Running SetupNetwork() ...
[2021-06-03 23:05:02]	CommandLine = -AUTH_TYPE=refreshtoken -AUTH_PASSWORD=eyJ0IjoiZXBpY19pZCIsImFsZyI6IlJTMjU2Iiwia2lkIjoiV01TN0Vua0lHcGNIOURHWnN2MldjWTl4c3VGblpDdHhaamo0QWhiLV84RSJ9.eyJzdWIiOiI5MjM5YTUwNjhjOWU0YWRmYmZlNzE3YzJmOGQ5ZDgxZCIsInBmc2lkIjoiY2QxNGRjYWE0ZjM0NDNmMTlmNzE2OWE5ODA1NTljNjIiLCJpc3MiOiJodHRwczpcL1wvYXBpLmVwaWNnYW1lcy5kZXZcL2VwaWNcL29hdXRoXC92MSIsImRuIjoic25ha2llcnBpcGkiLCJwZnBpZCI6IjgzMWFkNzM4NTQ3ZTQ2ZTE5NWY4N2Q1NGU5OGI4ZTc5IiwiYXVkIjoiMGE0MDU2YzYwY2ZkNGUxZjlmMjg3OTVlNTI5Y2QwYzMiLCJwZmRpZCI6IjFkNDQwZTVjZmM0MDQyYzRiYmVhOWVjMWU1NzI3M2RlIiwidCI6ImVwaWNfaWQiLCJhcHBpZCI6ImZnaGk0NTY3aWFIQWRnN2VHMkdTUnZ2OFhwdDVvalZoIiwic2NvcGUiOiJiYXNpY19wcm9maWxlIGZyaWVuZHNfbGlzdCBwcmVzZW5jZSIsImV4cCI6MTYyMjgwMTA5OCwiaWF0IjoxNjIyNzcyMjk4LCJqdGkiOiJmNWM2OGVmOWNkNzM0ZTdiYmJmYzljYWIzNmQyZmQ2YiJ9.bK9qovgZKo2fojdOdn1_8LVFe7ofkFpoTJShRdtGd6DoIfDN2LyAcSMEUraJMbvYFuvDEMwhRkqgsz9M4cu71ZrsdTuOf9YLJnIUsfFY6C2mynZzxZyjtyspUCNrMBFuExFM3sGwgPxPnEWX0Niy1H_pCoEzJonhP5oxuky9Ej2PjXaSiqzmrjpAd7D73lfLleF8DopltyMQ3_oRlvWcCIBPepzTbxduVrNdpisDQZQ4-3lm44sx_bNl0ZClXkB8FRk6wXCzfXlw7xnBVJWSSHnpMMDjnYb5pcVlYwT7zseBniSuJj1ohPrS1e3YdgQN50HGdDlXjoPzvjgJbdn9Ag -epicapp=Kinglet -epicusername=snakierpipi -epicenv=Prod -epicuserid=9239a5068c9e4adfbfe717c2f8d9d81d -epiclocale=es -EpicPortal
[2021-06-03 23:05:02]	Running SetupDatabase() ...
[2021-06-03 23:05:14]	Running SetupLocalization() ...
[2021-06-03 23:05:15]	Running SetupContentPaths() ...
[2021-06-03 23:05:16]	Running SetupOwnership() ...
[2021-06-03 23:05:16]	EOSOwnershipEventHandler Startup
[2021-06-03 23:05:16]	Running GameCore::InitializeApplicationSupport() ...
[2021-06-03 23:05:16]	Game Core Thread Count = 2.
[2021-06-03 23:05:16]	Game Core Unit Pathing Thread Count = 2.
[2021-06-03 23:05:16]	Game Core Trade Pathing Thread Count = 2.
[2021-06-03 23:05:16]	Civ6App::InitialInit end.
[2021-06-03 23:05:16]	Civ6App::GUIInit start.
[2021-06-03 23:05:16]	Running SetupGraphics() ...
[2021-06-03 23:05:16]	Running SetupArtManager() ...
[2021-06-03 23:05:16]	Running SetupUI() ...
[2021-06-03 23:05:18]	Running SubscribeToEvents() ...
[2021-06-03 23:05:18]	Running SetupGameStates() ...
[2021-06-03 23:05:18]	Running SetupInput() ...
[2021-06-03 23:05:18]	Starting search engine.
[2021-06-03 23:05:18]	Setting up achievements.
[2021-06-03 23:05:18]	EOSAchievementsEventHandler Startup
[2021-06-03 23:05:18]	Setting up scripting.
[2021-06-03 23:05:19]	Setting up modding.
[2021-06-03 23:05:26]	Running SetupTuner() ...
[2021-06-03 23:05:26]	Setting up tuner.
[2021-06-03 23:05:26]	Spawning async init job.
[2021-06-03 23:05:26]	Civ6App::GUIInit end.
[2021-06-03 23:05:26]	Running SetupAudio(uiSystemInitFlags) ...
[2021-06-03 23:05:27]	Running Granny::Initialize() ...
[2021-06-03 23:05:27]	Running SetupBinarySerialization() ...
[2021-06-03 23:06:29]	Successfully determined Graphics Performance Level. Default graphics settings to low.
[2021-06-04 01:56:44]	EOSAchievementsEventHandler Shutdown
[2021-06-04 01:56:47]	EOSOwnershipEventHandler Shutdown
[2021-06-04 01:56:47]	EOSSystemEventHandler Shutdown
Max size of g_EventSystemSerial's publish queue = 186112
Max size of g_EventSystemGameCore's publish queue = 240304
Max size of g_EventSystemLocalMachine's publish queue = 2048
